[2016.02.29-15.50.07:141][  0]Log file open, 02/29/16 10:50:07
[2016.02.29-15.50.07:141][  0]LogInit:Display: Running engine for game: VRLogo_410
[2016.02.29-15.50.07:141][  0]LogPlatformFile: Not using cached read wrapper
[2016.02.29-15.50.07:141][  0]LogInit:Display: RandInit(1232599562) SRandInit(1232599563).
[2016.02.29-15.50.07:141][  0]LogTaskGraph: Started task graph with 4 named threads and 8 total threads.
[2016.02.29-15.50.07:141][  0]LogStats: Stats thread started at 0.082076
[2016.02.29-15.50.07:141][  0]LogInit: Version: 4.10.4-2872498+++depot+UE4-Releases+4.10
[2016.02.29-15.50.07:141][  0]LogInit: API Version: 2758231
[2016.02.29-15.50.07:141][  0]LogInit: Compiled (64-bit): Feb 18 2016 15:47:04
[2016.02.29-15.50.07:141][  0]LogInit: Compiled with Visual C++: 19.00.23026.00
[2016.02.29-15.50.07:141][  0]LogInit: Build Configuration: Development
[2016.02.29-15.50.07:141][  0]LogInit: Branch Name: ++depot+UE4-Releases+4.10
[2016.02.29-15.50.07:141][  0]LogInit: Command line:  
[2016.02.29-15.50.07:141][  0]LogInit: Base directory: E:/Epic Games/4.10/Engine/Binaries/Win64/
[2016.02.29-15.50.07:141][  0]LogInit: Rocket: 1
[2016.02.29-15.50.07:149][  0]LogInit: Using libcurl 7.41.0
[2016.02.29-15.50.07:149][  0]LogInit:  - built for x86_64-pc-win32
[2016.02.29-15.50.07:149][  0]LogInit:  - supports SSL with WinSSL
[2016.02.29-15.50.07:149][  0]LogInit:  - other features:
[2016.02.29-15.50.07:149][  0]LogInit:      CURL_VERSION_SSL
[2016.02.29-15.50.07:149][  0]LogInit:      CURL_VERSION_IPV6
[2016.02.29-15.50.07:149][  0]LogInit:      CURL_VERSION_ASYNCHDNS
[2016.02.29-15.50.07:149][  0]LogInit:      CURL_VERSION_LARGEFILE
[2016.02.29-15.50.07:149][  0]LogInit:      CURL_VERSION_IDN
[2016.02.29-15.50.07:149][  0]LogInit:  CurlRequestOptions (configurable via config and command line):
[2016.02.29-15.50.07:149][  0]LogInit:  - bVerifyPeer = true  - Libcurl will verify peer certificate
[2016.02.29-15.50.07:149][  0]LogInit:  - bUseHttpProxy = false  - Libcurl will NOT use HTTP proxy
[2016.02.29-15.50.07:149][  0]LogInit:  - bDontReuseConnections = false  - Libcurl will reuse connections
[2016.02.29-15.50.07:149][  0]LogInit:  - CertBundlePath = nullptr  - Libcurl will use whatever was configured at build time.
[2016.02.29-15.50.07:161][  0]LogInit: Presizing for 0 objects not considered by GC, pre-allocating 0 bytes.
[2016.02.29-15.50.07:175][  0]LogInit: Object subsystem initialized
[2016.02.29-15.50.07:176][  0]LogInit: Selected Device Profile: [Windows]
[2016.02.29-15.50.07:176][  0]LogInit: Applying CVar settings loaded from the selected device profile: [Windows]
[2016.02.29-15.50.07:188][  0]LogInit: Computer: D1146
[2016.02.29-15.50.07:188][  0]LogInit: User: laurenridge
[2016.02.29-15.50.07:188][  0]LogInit: CPU Page size=4096, Cores=8
[2016.02.29-15.50.07:188][  0]LogInit: High frequency timer resolution =2.734541 MHz
[2016.02.29-15.50.07:188][  0]LogMemory: Memory total: Physical=24.0GB (24GB approx)
[2016.02.29-15.50.07:188][  0]LogMemory: Platform Memory Stats for Windows
[2016.02.29-15.50.07:188][  0]LogMemory: Process Physical Memory: 60.40 MB used, 60.40 MB peak
[2016.02.29-15.50.07:188][  0]LogMemory: Process Virtual Memory: 60.74 MB used, 60.74 MB peak
[2016.02.29-15.50.07:188][  0]LogMemory: Physical Memory: 7114.50 MB used, 24567.23 MB total
[2016.02.29-15.50.07:188][  0]LogMemory: Virtual Memory: 365.64 MB used, 8388608.00 MB total
[2016.02.29-15.50.07:260][  0]LogTextLocalizationManager: No specific translations for ('en-US') exist, so ('en') translations will be used.
[2016.02.29-15.50.07:787][  0]LogD3D11RHI: Found D3D11 adapter 0: NVIDIA GeForce GTX 680 (Feature Level 11_0)
[2016.02.29-15.50.07:787][  0]LogD3D11RHI: Adapter has 1989MB of dedicated video memory, 0MB of dedicated system memory, and 2048MB of shared system memory, 2 output[s]
[2016.02.29-15.50.07:788][  0]LogD3D11RHI: Chosen D3D11 Adapter Id = 0
[2016.02.29-15.50.07:795][  0]LogD3D11RHI: !Direct3DDevice
[2016.02.29-15.50.07:796][  0]LogRHI: Texture pool is 1361 MB (70% of 1945 MB)
[2016.02.29-15.50.07:810][  0]LogD3D11RHI: Async texture creation enabled
[2016.02.29-15.50.07:827][  0]LogShaderCompilers: Guid format shader working directory is 28 characters bigger than the processId version (../../../../../VRLogo_410/Intermediate/Shaders/WorkingDirectory/9524/).
[2016.02.29-15.50.07:827][  0]LogShaderCompilers: Cleaned the shader compiler working directory 'C:/Users/LAUREN~1.RID/AppData/Local/Temp/UnrealShaderWorkingDir/08F321B64FAEAAC6139D44856121C976/'.
[2016.02.29-15.50.07:827][  0]LogShaderCompilers:Display: Using Local Shader Compiler.
[2016.02.29-15.50.09:159][  0]LogTemp:Display: Loaded TP AllDesktopTargetPlatform
[2016.02.29-15.50.09:167][  0]LogTemp:Display: Loaded TP WindowsClientTargetPlatform
[2016.02.29-15.50.09:174][  0]LogTemp:Display: Loaded TP WindowsNoEditorTargetPlatform
[2016.02.29-15.50.09:181][  0]LogTemp:Display: Loaded TP WindowsServerTargetPlatform
[2016.02.29-15.50.09:187][  0]LogTemp:Display: Loaded TP WindowsTargetPlatform
[2016.02.29-15.50.09:191][  0]LogTemp:Display: Loaded TP AndroidTargetPlatform
[2016.02.29-15.50.09:194][  0]LogTemp:Display: Loaded TP Android_ASTCTargetPlatform
[2016.02.29-15.50.09:197][  0]LogTemp:Display: Loaded TP Android_ATCTargetPlatform
[2016.02.29-15.50.09:200][  0]LogTemp:Display: Loaded TP Android_DXTTargetPlatform
[2016.02.29-15.50.09:203][  0]LogTemp:Display: Loaded TP Android_ETC1TargetPlatform
[2016.02.29-15.50.09:206][  0]LogTemp:Display: Loaded TP Android_ETC2TargetPlatform
[2016.02.29-15.50.09:213][  0]LogTemp:Display: Loaded TP Android_MultiTargetPlatform
[2016.02.29-15.50.09:213][  0]LogTemp:Display: Loaded TP Android_PVRTCTargetPlatform
[2016.02.29-15.50.09:214][  0]LogTemp:Display: Loaded TP HTML5TargetPlatform
[2016.02.29-15.50.09:246][  0]LogTemp:Display: Loaded TP IOSTargetPlatform
[2016.02.29-15.50.09:249][  0]LogTemp:Display: Loaded TP LinuxNoEditorTargetPlatform
[2016.02.29-15.50.09:252][  0]LogTemp:Display: Loaded TP LinuxServerTargetPlatform
[2016.02.29-15.50.09:275][  0]LogTemp:Display: Loaded TP LinuxTargetPlatform
[2016.02.29-15.50.09:276][  0]LogTargetPlatformManager:Display: Building Assets For Windows
[2016.02.29-15.50.09:661][  0]LogDerivedDataCache:Display: Max Cache Size: 512 MB
[2016.02.29-15.50.09:890][  0]LogDerivedDataCache: Loaded boot cache 0.23s 41MB C:/Users/lauren.ridge/AppData/Local/UnrealEngine/4.10/DerivedDataCache/Boot.ddc.
[2016.02.29-15.50.09:890][  0]LogDerivedDataCache:Display: Loaded Boot cache: C:/Users/lauren.ridge/AppData/Local/UnrealEngine/4.10/DerivedDataCache/Boot.ddc
[2016.02.29-15.50.09:890][  0]LogDerivedDataCache: FDerivedDataBackendGraph:  Pak pak cache file ../../../../../VRLogo_410/DerivedDataCache/DDC.ddp not found, will not use a pak cache.
[2016.02.29-15.50.09:890][  0]LogDerivedDataCache: Unable to find inner node Pak for hierarchical cache Hierarchy.
[2016.02.29-15.50.09:890][  0]LogDerivedDataCache: FDerivedDataBackendGraph:  CompressedPak pak cache file ../../../../../VRLogo_410/DerivedDataCache/Compressed.ddp not found, will not use a pak cache.
[2016.02.29-15.50.09:890][  0]LogDerivedDataCache: Unable to find inner node CompressedPak for hierarchical cache Hierarchy.
[2016.02.29-15.50.09:999][  0]LogDerivedDataCache:Display: Pak cache opened for reading ../../../Engine/DerivedDataCache/Compressed.ddp.
[2016.02.29-15.50.10:010][  0]LogDerivedDataCache: Using Local data cache path C:/Users/lauren.ridge/AppData/Local/UnrealEngine/Common/DerivedDataCache: Writable
[2016.02.29-15.50.12:941][  0]LogInit: Selected Device Profile: [Windows]
[2016.02.29-15.50.12:942][  0]LogContentStreaming: Texture pool size is 0.000000MB
[2016.02.29-15.50.13:010][  0]LogMeshUtilities: No automatic mesh reduction module available
[2016.02.29-15.50.13:010][  0]LogMeshUtilities: No automatic mesh merging module available
[2016.02.29-15.50.13:415][  0]LogInit: WinSock: version 1.1 (2.2), MaxSocks=32767, MaxUdp=65467
[2016.02.29-15.50.18:278][  0]UdpMessaging: Initializing bridge on interface 0.0.0.0:0 to multicast group 230.0.0.1:6666.
[2016.02.29-15.50.18:406][  0]LogAssetRegistry: FAssetRegistry took 0.0105 seconds to start up
[2016.02.29-15.50.18:570][  0]SourceControl: Info Source control is disabled
[2016.02.29-15.50.18:571][  0]SourceControl: Info Source control is disabled
[2016.02.29-15.50.18:580][  0]SourceControl: Info Source control is disabled
[2016.02.29-15.50.18:588][  0]SourceControl: Info Source control is disabled
[2016.02.29-15.50.19:241][  0]LogObj: 28633 objects as part of root set at end of initial load.
[2016.02.29-15.50.19:241][  0]LogUObjectAllocator: 6099744 out of 0 bytes used by permanent object pool.
[2016.02.29-15.50.19:332][  0]LogEngine: Initializing Engine...
[2016.02.29-15.50.19:334][  0]LogHMD: Can't find Oculus library dev build: is proper Runtime installed? Version: 0.8.0.0
[2016.02.29-15.50.19:335][  0]LogHMD: SteamVR failed to initialize.  Err: 110
[2016.02.29-15.50.19:479][  0]LogAIModule: Creating AISystem for world NewWorld
[2016.02.29-15.50.19:492][  0]LogInit: XAudio2 using 'Speakers (Logitech USB Headset)' : 2 channels at 44.1 kHz using 16 bits per sample (channel mask 0x3)
[2016.02.29-15.50.19:501][  0]LogInit: FAudioDevice initialized.
[2016.02.29-15.50.19:525][  0]LogDerivedDataCache: Saved boot cache 0.02s 41MB C:/Users/lauren.ridge/AppData/Local/UnrealEngine/4.10/DerivedDataCache/Boot.ddc.
[2016.02.29-15.50.19:531][  0]LogInit: Texture streaming: Enabled
[2016.02.29-15.50.19:535][  0]LogAnalytics: Creating configured Analytics provider AnalyticsET
[2016.02.29-15.50.19:535][  0]LogAnalytics: [UEEditor.Rocket.Release] APIServer = http://et2.epicgames.com/ET2/. AppVersion = 4.10.4-2872498+++depot+UE4-Releases+4.10
[2016.02.29-15.50.19:535][  0]LogAnalytics: [UEEditor.Rocket.Release] SetUserId cff52a6349bbeb670c3ba99edf376aac|4b816c922ee940d3b74ead193af90c83|d4bc2e4b-658d-4057-9d26-54452fd7481d
[2016.02.29-15.50.19:535][  0]LogAnalytics: [UEEditor.Rocket.Release] AnalyticsET::StartSession
[2016.02.29-15.50.19:545][  0]LogInit: Transaction tracking system initialized
[2016.02.29-15.50.19:566][  0]BlueprintLog: New page: Editor Load
[2016.02.29-15.50.19:667][  0]LocalizationService: Info Localization service is disabled
[2016.02.29-15.50.19:781][  0]LogConsoleResponse:Display: 
[2016.02.29-15.50.19:924][  0]LogCook:Display: Done creating registry. It took  0.00s.
[2016.02.29-15.50.19:987][  0]LogFileCache: Scanning file cache for directory 'E:/VRLogo_410/Content/' took 0.01s
[2016.02.29-15.50.19:987][  0]SourceControl: Info Source control is disabled
[2016.02.29-15.50.19:987][  0]Cmd: MAP LOAD FILE="../../../Engine/Content/Maps/Templates/Template_Default.umap" TEMPLATE=1 SHOWPROGRESS=1 FEATURELEVEL=3
[2016.02.29-15.50.20:001][  0]LightingResults: New page: Lighting Build
[2016.02.29-15.50.20:003][  0]MapCheck: New page: Map Check
[2016.02.29-15.50.20:003][  0]LightingResults: New page: Lighting Build
[2016.02.29-15.50.20:016][  0]LogParticles: Destroying 0 GPU particle simulations for FXSystem 0x0000000024586AC0
[2016.02.29-15.50.20:327][  0]LogAIModule: Creating AISystem for world Untitled_1
[2016.02.29-15.50.20:332][  0]LogEditorServer: Finished looking for orphan Actors (0.000 secs)
[2016.02.29-15.50.20:338][  0]Cmd: MAP CHECKDEP NOCLEARLOG
[2016.02.29-15.50.20:416][  0]MapCheck: Info Map check complete: 0 Error(s), 0 Warning(s), took 78.537ms to complete.
[2016.02.29-15.50.20:416][  0]LogFileHelpers: Loading map 'Template_Default' took 0.429
[2016.02.29-15.50.20:613][  0]LogCollectionManager: Loaded 0 collections in 0.001972 seconds
[2016.02.29-15.50.20:661][  0]LogFileCache: Scanning file cache for directory 'E:/VRLogo_410/Saved/Collections/' took 0.01s
[2016.02.29-15.50.20:661][  0]LogFileCache: Scanning file cache for directory 'E:/VRLogo_410/Content/Developers/laurenridge/Collections/' took 0.01s
[2016.02.29-15.50.20:661][  0]LogFileCache: Scanning file cache for directory 'E:/VRLogo_410/Content/Collections/' took 0.01s
[2016.02.29-15.50.20:661][  0]LogCollectionManager: Rebuilt the GUID cache for 0 collections in 0.000003 seconds
[2016.02.29-15.50.20:676][  0]LogContentBrowser: Native class hierarchy populated in 0.0139 seconds. Added 1893 classes and 338 folders.
[2016.02.29-15.50.20:694][  0]LogContentBrowser: Native class hierarchy updated for 'WidgetCarousel' in 0.0004 seconds. Added 0 classes and 0 folders.
[2016.02.29-15.50.21:869][  0]LogContentBrowser: Native class hierarchy updated for 'AddContentDialog' in 0.0004 seconds. Added 0 classes and 0 folders.
[2016.02.29-15.50.21:889][  0]LogContentBrowser: Native class hierarchy updated for 'SceneOutliner' in 0.0005 seconds. Added 1 classes and 2 folders.
[2016.02.29-15.50.21:920][  0]LogCrashTracker: Crashtracker disabled due to settings.
[2016.02.29-15.50.21:926][  0]LogUObjectGlobals:Warning: Failed to find object 'Class None.'
[2016.02.29-15.50.21:947][  0]LogLoad: Full Startup: 15.44 seconds (BP compile: 0.05 seconds)
[2016.02.29-15.50.21:958][  0]LogOcInput: Can't find Oculus library dev build: is proper Runtime installed? Version: 0.8.0.0
[2016.02.29-15.50.22:042][  0]LogContentStreaming: Texture pool size now 1000 MB
[2016.02.29-15.50.22:219][  0]LogRenderer: Reallocating scene render targets to support 1168x708 (Frame:2).
[2016.02.29-15.50.22:538][  4]LogAssetRegistry: Asset discovery search completed in 4.1423 seconds
[2016.02.29-15.50.22:538][  4]LogCollectionManager: Rebuilt the object cache for 0 collections in 0.000001 seconds (found 0 objects)
[2016.02.29-15.50.22:538][  4]LogCollectionManager: Fixed up redirectors for 0 collections in 0.000022 seconds (updated 0 objects)
[2016.02.29-15.50.28:960][680]LogPlayLevel: PlayLevel: No blueprints needed recompiling
[2016.02.29-15.50.28:960][680]PIE: New page: PIE session: Untitled_1 (Feb 29, 2016, 5:50:28 AM)
[2016.02.29-15.50.28:960][680]LogPlayLevel: Creating play world package: /Temp/UEDPIE_0_Untitled_1
[2016.02.29-15.50.28:963][680]LogPlayLevel: PIE: StaticDuplicateObject took: (0.002667s)
[2016.02.29-15.50.28:964][680]LogAIModule: Creating AISystem for world Untitled_1
[2016.02.29-15.50.28:964][680]LogPlayLevel: PIE: World Init took: (0.000934s)
[2016.02.29-15.50.28:964][680]LogPlayLevel: PIE: Created PIE world by copying editor world from /Temp/Untitled_1.Untitled_1 to /Temp/UEDPIE_0_Untitled_1.Untitled_1 (0.003793s)
[2016.02.29-15.50.28:997][680]LogInit: XAudio2 using 'Speakers (Logitech USB Headset)' : 2 channels at 44.1 kHz using 16 bits per sample (channel mask 0x3)
[2016.02.29-15.50.29:004][680]LogInit: FAudioDevice initialized.
[2016.02.29-15.50.29:051][680]LogWorld: Game class is 'GameMode'
[2016.02.29-15.50.29:055][680]LogWorld: Bringing World /Temp/UEDPIE_0_Untitled_1.Untitled_1 up for play (max tick rate 0) at 2016.02.29-10.50.29
[2016.02.29-15.50.29:055][680]LogActor:Warning: GameSession /Temp/UEDPIE_0_Untitled_1.Untitled_1:PersistentLevel.GameSession_0 has natively added scene component(s), but none of them were set as the actor's RootComponent - picking one arbitrarily
[2016.02.29-15.50.29:055][680]LogActor:Warning: GameNetworkManager /Temp/UEDPIE_0_Untitled_1.Untitled_1:PersistentLevel.GameNetworkManager_0 has natively added scene component(s), but none of them were set as the actor's RootComponent - picking one arbitrarily
[2016.02.29-15.50.29:055][680]LogWorld: Bringing up level for play took: 0.001853
[2016.02.29-15.50.29:058][680]PIE: Info Play in editor start time for /Temp/UEDPIE_0_Untitled_1 -0.237
[2016.02.29-15.50.30:718][865]LogParticles: Destroying 0 GPU particle simulations for FXSystem 0x0000000012831300
[2016.02.29-15.51.01:791][923]Cmd: QUIT_EDITOR
[2016.02.29-15.51.01:943][923]LogExit: Preparing to exit.
[2016.02.29-15.51.02:397][923]LogExit: Editor shut down
[2016.02.29-15.51.02:397][923]LogExit: Transaction tracking system shut down
[2016.02.29-15.51.02:400][923]LogParticles: Destroying 0 GPU particle simulations for FXSystem 0x00000000106AF380
[2016.02.29-15.51.02:400][923]LogParticles: Destroying 0 GPU particle simulations for FXSystem 0x000000002348F880
[2016.02.29-15.51.02:554][923]LogExit: Object subsystem successfully closed.
[2016.02.29-15.51.02:572][923]LogD3D11RHI: Shutdown
[2016.02.29-15.51.02:572][923]LogD3D11RHI: CleanupD3DDevice
[2016.02.29-15.51.02:633][923]LogD3D11RHI: ~FD3D11DynamicRHI
[2016.02.29-15.51.02:649][923]LogModuleManager: Shutting down and abandoning module ExternalImagePicker (199)
[2016.02.29-15.51.02:649][923]LogModuleManager: Shutting down and abandoning module CrashTracker (198)
[2016.02.29-15.51.02:649][923]LogModuleManager: Shutting down and abandoning module SceneOutliner (197)
[2016.02.29-15.51.02:649][923]LogModuleManager: Shutting down and abandoning module SuperSearch (196)
[2016.02.29-15.51.02:649][923]LogModuleManager: Shutting down and abandoning module WidgetCarousel (195)
[2016.02.29-15.51.02:649][923]LogModuleManager: Shutting down and abandoning module AddContentDialog (194)
[2016.02.29-15.51.02:650][923]LogModuleManager: Shutting down and abandoning module EditorWidgets (193)
[2016.02.29-15.51.02:650][923]LogModuleManager: Shutting down and abandoning module CollectionManager (192)
[2016.02.29-15.51.02:650][923]LogModuleManager: Shutting down and abandoning module StatsViewer (191)
[2016.02.29-15.51.02:650][923]LogModuleManager: Shutting down and abandoning module FoliageEdit (190)
[2016.02.29-15.51.02:650][923]LogModuleManager: Shutting down and abandoning module LandscapeEditor (189)
[2016.02.29-15.51.02:651][923]LogModuleManager: Shutting down and abandoning module ActorPickerMode (188)
[2016.02.29-15.51.02:651][923]LogModuleManager: Shutting down and abandoning module GeometryMode (187)
[2016.02.29-15.51.02:651][923]LogModuleManager: Shutting down and abandoning module TextureAlignMode (186)
[2016.02.29-15.51.02:651][923]LogModuleManager: Shutting down and abandoning module BspMode (185)
[2016.02.29-15.51.02:651][923]LogModuleManager: Shutting down and abandoning module PlacementMode (184)
[2016.02.29-15.51.02:651][923]LogModuleManager: Shutting down and abandoning module AutomationWorker (183)
[2016.02.29-15.51.02:651][923]LogModuleManager: Shutting down and abandoning module CharacterAI (182)
[2016.02.29-15.51.02:651][923]LogModuleManager: Shutting down and abandoning module SmartSnapping (181)
[2016.02.29-15.51.02:651][923]LogModuleManager: Shutting down and abandoning module ViewportSnapping (180)
[2016.02.29-15.51.02:651][923]LogModuleManager: Shutting down and abandoning module LogVisualizer (179)
[2016.02.29-15.51.02:651][923]LogModuleManager: Shutting down and abandoning module GameProjectGeneration (178)
[2016.02.29-15.51.02:651][923]LogModuleManager: Shutting down and abandoning module IntroTutorials (177)
[2016.02.29-15.51.02:651][923]LogModuleManager: Shutting down and abandoning module EditorLiveStreaming (176)
[2016.02.29-15.51.02:651][923]LogModuleManager: Shutting down and abandoning module IOSPlatformEditor (175)
[2016.02.29-15.51.02:651][923]LogModuleManager: Shutting down and abandoning module HTML5PlatformEditor (174)
[2016.02.29-15.51.02:651][923]LogModuleManager: Shutting down and abandoning module AndroidDeviceDetection (173)
[2016.02.29-15.51.02:721][923]LogModuleManager: Shutting down and abandoning module AndroidPlatformEditor (172)
[2016.02.29-15.51.02:721][923]LogModuleManager: Shutting down and abandoning module IOSRuntimeSettings (171)
[2016.02.29-15.51.02:721][923]LogModuleManager: Shutting down and abandoning module AndroidRuntimeSettings (170)
[2016.02.29-15.51.02:721][923]LogModuleManager: Shutting down and abandoning module MergeActors (169)
[2016.02.29-15.51.02:721][923]LogModuleManager: Shutting down and abandoning module SizeMap (168)
[2016.02.29-15.51.02:721][923]LogModuleManager: Shutting down and abandoning module TreeMap (167)
[2016.02.29-15.51.02:721][923]LogModuleManager: Shutting down and abandoning module ReferenceViewer (166)
[2016.02.29-15.51.02:722][923]LogModuleManager: Shutting down and abandoning module LocalizationService (165)
[2016.02.29-15.51.02:722][923]LogModuleManager: Shutting down and abandoning module LocalizationDashboard (164)
[2016.02.29-15.51.02:722][923]LogModuleManager: Shutting down and abandoning module HardwareTargeting (163)
[2016.02.29-15.51.02:722][923]LogModuleManager: Shutting down and abandoning module DeviceProfileEditor (162)
[2016.02.29-15.51.02:722][923]LogModuleManager: Shutting down and abandoning module UndoHistory (161)
[2016.02.29-15.51.02:722][923]LogModuleManager: Shutting down and abandoning module GameplayTagsEditor (160)
[2016.02.29-15.51.02:722][923]LogModuleManager: Shutting down and abandoning module UserFeedback (159)
[2016.02.29-15.51.02:722][923]LogModuleManager: Shutting down and abandoning module XmlParser (158)
[2016.02.29-15.51.02:722][923]LogModuleManager: Shutting down and abandoning module Blutility (157)
[2016.02.29-15.51.02:722][923]LogModuleManager: Shutting down and abandoning module ProjectTargetPlatformEditor (156)
[2016.02.29-15.51.02:722][923]LogModuleManager: Shutting down and abandoning module ProjectSettingsViewer (155)
[2016.02.29-15.51.02:722][923]LogModuleManager: Shutting down and abandoning module InputBindingEditor (154)
[2016.02.29-15.51.02:722][923]LogModuleManager: Shutting down and abandoning module EditorSettingsViewer (153)
[2016.02.29-15.51.02:723][923]LogModuleManager: Shutting down and abandoning module SettingsEditor (152)
[2016.02.29-15.51.02:723][923]LogModuleManager: Shutting down and abandoning module ProjectLauncher (151)
[2016.02.29-15.51.02:723][923]LogModuleManager: Shutting down and abandoning module SessionFrontend (150)
[2016.02.29-15.51.02:723][923]LogModuleManager: Shutting down and abandoning module ProfilerClient (149)
[2016.02.29-15.51.02:723][923]LogModuleManager: Shutting down and abandoning module TargetDeviceServices (148)
[2016.02.29-15.51.02:723][923]LogModuleManager: Shutting down and abandoning module DeviceManager (147)
[2016.02.29-15.51.02:723][923]LogModuleManager: Shutting down and abandoning module AutomationController (146)
[2016.02.29-15.51.02:723][923]LogModuleManager: Shutting down and abandoning module AutomationWindow (145)
[2016.02.29-15.51.02:723][923]LogModuleManager: Shutting down and abandoning module Layers (144)
[2016.02.29-15.51.02:723][923]LogModuleManager: Shutting down and abandoning module ComponentVisualizers (143)
[2016.02.29-15.51.02:723][923]LogModuleManager: Shutting down and abandoning module DetailCustomizations (142)
[2016.02.29-15.51.02:723][923]LogModuleManager: Shutting down and abandoning module PackagesDialog (141)
[2016.02.29-15.51.02:723][923]LogModuleManager: Shutting down and abandoning module Persona (140)
[2016.02.29-15.51.02:723][923]LogModuleManager: Shutting down and abandoning module Kismet (139)
[2016.02.29-15.51.02:723][923]LogModuleManager: Shutting down and abandoning module GraphEditor (138)
[2016.02.29-15.51.02:724][923]LogModuleManager: Shutting down and abandoning module ClassViewer (137)
[2016.02.29-15.51.02:724][923]LogModuleManager: Shutting down and abandoning module Toolbox (136)
[2016.02.29-15.51.02:724][923]LogModuleManager: Shutting down and abandoning module ModuleUI (135)
[2016.02.29-15.51.02:724][923]LogModuleManager: Shutting down and abandoning module MovieSceneTools (134)
[2016.02.29-15.51.02:724][923]LogModuleManager: Shutting down and abandoning module OutputLog (133)
[2016.02.29-15.51.02:724][923]LogModuleManager: Shutting down and abandoning module GammaUI (132)
[2016.02.29-15.51.02:724][923]LogModuleManager: Shutting down and abandoning module Documentation (131)
[2016.02.29-15.51.02:724][923]LogModuleManager: Shutting down and abandoning module GameLiveStreaming (130)
[2016.02.29-15.51.02:724][923]LogModuleManager: Shutting down and abandoning module StreamingPauseRendering (129)
[2016.02.29-15.51.02:724][923]LogModuleManager: Shutting down and abandoning module AnalyticsET (128)
[2016.02.29-15.51.02:724][923]LogModuleManager: Shutting down and abandoning module Analytics (127)
[2016.02.29-15.51.02:724][923]LogModuleManager: Shutting down and abandoning module AITestSuite (126)
[2016.02.29-15.51.02:724][923]LogModuleManager: Shutting down and abandoning module GameplayDebugger (125)
[2016.02.29-15.51.02:724][923]LogModuleManager: Shutting down and abandoning module AIModule (124)
[2016.02.29-15.51.02:724][923]LogModuleManager: Shutting down and abandoning module ProfilerService (123)
[2016.02.29-15.51.02:760][923]LogModuleManager: Shutting down and abandoning module TaskGraph (122)
[2016.02.29-15.51.02:760][923]LogModuleManager: Shutting down and abandoning module SlateRemote (121)
[2016.02.29-15.51.02:760][923]LogModuleManager: Shutting down and abandoning module SteamVRController (120)
[2016.02.29-15.51.02:760][923]LogModuleManager: Shutting down and abandoning module SteamVR (119)
[2016.02.29-15.51.02:760][923]LogModuleManager: Shutting down and abandoning module ProceduralMeshComponent (118)
[2016.02.29-15.51.02:760][923]LogModuleManager: Shutting down and abandoning module OculusLibrary (117)
[2016.02.29-15.51.02:760][923]LogModuleManager: Shutting down and abandoning module OculusInput (116)
[2016.02.29-15.51.02:760][923]LogModuleManager: Shutting down and abandoning module LeapMotionController (115)
[2016.02.29-15.51.02:786][923]LogModuleManager: Shutting down and abandoning module CustomMeshComponent (114)
[2016.02.29-15.51.02:786][923]LogModuleManager: Shutting down and abandoning module CableComponent (113)
[2016.02.29-15.51.02:786][923]LogModuleManager: Shutting down and abandoning module ArchVisCharacter (112)
[2016.02.29-15.51.02:786][923]LogModuleManager: Shutting down and abandoning module MessagingDebugger (111)
[2016.02.29-15.51.02:786][923]LogModuleManager: Shutting down and abandoning module MediaPlayerEditor (110)
[2016.02.29-15.51.02:787][923]LogModuleManager: Shutting down and abandoning module HTML5Networking (109)
[2016.02.29-15.51.02:787][923]LogModuleManager: Shutting down and abandoning module SpeedTreeImporter (108)
[2016.02.29-15.51.02:787][923]LogModuleManager: Shutting down and abandoning module PluginBrowser (107)
[2016.02.29-15.51.02:787][923]LogModuleManager: Shutting down and abandoning module EpicSurvey (106)
[2016.02.29-15.51.02:787][923]LogModuleManager: Shutting down and abandoning module DesktopPlatform (105)
[2016.02.29-15.51.02:787][923]LogModuleManager: Shutting down and abandoning module VisualStudioSourceCodeAccess (104)
[2016.02.29-15.51.02:787][923]LogModuleManager: Shutting down and abandoning module UObjectPlugin (103)
[2016.02.29-15.51.02:787][923]LogModuleManager: Shutting down and abandoning module SubversionSourceControl (102)
[2016.02.29-15.51.02:787][923]LogModuleManager: Shutting down and abandoning module PerforceSourceControl (101)
[2016.02.29-15.51.02:787][923]LogModuleManager: Shutting down and abandoning module SourceControl (100)
[2016.02.29-15.51.02:787][923]LogModuleManager: Shutting down and abandoning module GitSourceControl (99)
[2016.02.29-15.51.02:787][923]LogModuleManager: Shutting down and abandoning module LightPropagationVolumeEditor (98)
[2016.02.29-15.51.02:787][923]LogModuleManager: Shutting down and abandoning module PaperTiledImporter (97)
[2016.02.29-15.51.02:787][923]LogModuleManager: Shutting down and abandoning module PaperSpriteSheetImporter (96)
[2016.02.29-15.51.02:787][923]LogModuleManager: Shutting down and abandoning module MeshPaint (95)
[2016.02.29-15.51.02:787][923]LogModuleManager: Shutting down and abandoning module SlateReflector (94)
[2016.02.29-15.51.02:787][923]LogModuleManager: Shutting down and abandoning module HotReload (93)
[2016.02.29-15.51.02:787][923]LogModuleManager: Shutting down and abandoning module MainFrame (92)
[2016.02.29-15.51.02:787][923]LogModuleManager: Shutting down and abandoning module LevelEditor (91)
[2016.02.29-15.51.02:788][923]LogModuleManager: Shutting down and abandoning module DirectoryWatcher (90)
[2016.02.29-15.51.02:789][923]LogModuleManager: Shutting down and abandoning module AssetRegistry (89)
[2016.02.29-15.51.02:926][923]LogModuleManager: Shutting down and abandoning module ContentBrowser (88)
[2016.02.29-15.51.02:926][923]LogModuleManager: Shutting down and abandoning module Paper2DEditor (87)
[2016.02.29-15.51.02:926][923]LogModuleManager: Shutting down and abandoning module UdpMessaging (86)
[2016.02.29-15.51.03:026][923]LogModuleManager: Shutting down and abandoning module LightPropagationVolumeRuntime (85)
[2016.02.29-15.51.03:026][923]LogModuleManager: Shutting down and abandoning module Paper2D (84)
[2016.02.29-15.51.03:026][923]LogModuleManager: Shutting down and abandoning module WindowsMoviePlayer (83)
[2016.02.29-15.51.03:031][923]LogModuleManager: Shutting down and abandoning module Media (82)
[2016.02.29-15.51.03:031][923]LogModuleManager: Shutting down and abandoning module WmfMedia (81)
[2016.02.29-15.51.03:032][923]LogModuleManager: Shutting down and abandoning module OnlineBlueprintSupport (80)
[2016.02.29-15.51.03:032][923]LogModuleManager: Shutting down and abandoning module GameplayTasksEditor (79)
[2016.02.29-15.51.03:032][923]LogModuleManager: Shutting down and abandoning module PropertyEditor (78)
[2016.02.29-15.51.03:032][923]LogModuleManager: Shutting down and abandoning module BehaviorTreeEditor (77)
[2016.02.29-15.51.03:033][923]LogModuleManager: Shutting down and abandoning module FunctionalTesting (76)
[2016.02.29-15.51.03:033][923]LogModuleManager: Shutting down and abandoning module CollisionAnalyzer (75)
[2016.02.29-15.51.03:033][923]LogModuleManager: Shutting down and abandoning module WorkspaceMenuStructure (74)
[2016.02.29-15.51.03:033][923]LogModuleManager: Shutting down and abandoning module MessageLog (73)
[2016.02.29-15.51.03:033][923]LogModuleManager: Shutting down and abandoning module Sequencer (72)
[2016.02.29-15.51.03:033][923]LogModuleManager: Shutting down and abandoning module AssetTools (71)
[2016.02.29-15.51.03:034][923]LogModuleManager: Shutting down and abandoning module UMGEditor (70)
[2016.02.29-15.51.03:034][923]LogModuleManager: Shutting down and abandoning module UMG (69)
[2016.02.29-15.51.03:034][923]LogModuleManager: Shutting down and abandoning module Slate (68)
[2016.02.29-15.51.03:034][923]LogModuleManager: Shutting down and abandoning module EditorStyle (67)
[2016.02.29-15.51.03:037][923]LogModuleManager: Shutting down and abandoning module SessionServices (66)
[2016.02.29-15.51.03:037][923]LogModuleManager: Shutting down and abandoning module SourceCodeAccess (65)
[2016.02.29-15.51.03:037][923]LogModuleManager: Shutting down and abandoning module HeadMountedDisplay (64)
[2016.02.29-15.51.03:037][923]LogModuleManager: Shutting down and abandoning module XAudio2 (63)
[2016.02.29-15.51.03:037][923]LogModuleManager: Shutting down and abandoning module Networking (61)
[2016.02.29-15.51.03:037][923]LogModuleManager: Shutting down and abandoning module Core (60)
[2016.02.29-15.51.03:037][923]LogModuleManager: Shutting down and abandoning module KismetCompiler (59)
[2016.02.29-15.51.03:037][923]LogModuleManager: Shutting down and abandoning module PhysXFormats (58)
[2016.02.29-15.51.03:037][923]LogModuleManager: Shutting down and abandoning module MeshUtilities (57)
[2016.02.29-15.51.03:037][923]LogModuleManager: Shutting down and abandoning module DerivedDataCache (56)
[2016.02.29-15.51.03:508][923]LogDerivedDataCache: Shutdown
[2016.02.29-15.51.03:508][923]LogModuleManager: Shutting down and abandoning module ShaderFormatOpenGL (55)
[2016.02.29-15.51.03:508][923]LogModuleManager: Shutting down and abandoning module ShaderFormatD3D (54)
[2016.02.29-15.51.03:508][923]LogModuleManager: Shutting down and abandoning module MetalShaderFormat (53)
[2016.02.29-15.51.03:508][923]LogModuleManager: Shutting down and abandoning module TextureFormatUncompressed (52)
[2016.02.29-15.51.03:508][923]LogModuleManager: Shutting down and abandoning module TextureFormatPVR (51)
[2016.02.29-15.51.03:508][923]LogModuleManager: Shutting down and abandoning module TextureFormatIntelISPCTexComp (50)
[2016.02.29-15.51.03:508][923]LogModuleManager: Shutting down and abandoning module TextureFormatDXT (49)
[2016.02.29-15.51.03:508][923]LogModuleManager: Shutting down and abandoning module ImageWrapper (48)
[2016.02.29-15.51.03:508][923]LogModuleManager: Shutting down and abandoning module TextureFormatASTC (47)
[2016.02.29-15.51.03:508][923]LogModuleManager: Shutting down and abandoning module TextureFormatAndroid (46)
[2016.02.29-15.51.03:508][923]LogModuleManager: Shutting down and abandoning module AudioFormatOpus (45)
[2016.02.29-15.51.03:508][923]LogModuleManager: Shutting down and abandoning module AudioFormatOgg (44)
[2016.02.29-15.51.03:508][923]LogModuleManager: Shutting down and abandoning module AudioFormatADPCM (43)
[2016.02.29-15.51.03:508][923]LogModuleManager: Shutting down and abandoning module LinuxTargetPlatform (42)
[2016.02.29-15.51.03:508][923]LogModuleManager: Shutting down and abandoning module LinuxServerTargetPlatform (41)
[2016.02.29-15.51.03:509][923]LogModuleManager: Shutting down and abandoning module LinuxNoEditorTargetPlatform (40)
[2016.02.29-15.51.03:509][923]LogModuleManager: Shutting down and abandoning module Messaging (39)
[2016.02.29-15.51.03:509][923]LogModuleManager: Shutting down and abandoning module IOSTargetPlatform (38)
[2016.02.29-15.51.03:509][923]LogModuleManager: Shutting down and abandoning module HTML5TargetPlatform (37)
[2016.02.29-15.51.03:509][923]LogModuleManager: Shutting down and abandoning module Android_PVRTCTargetPlatform (36)
[2016.02.29-15.51.03:509][923]LogModuleManager: Shutting down and abandoning module Android_MultiTargetPlatform (35)
[2016.02.29-15.51.03:509][923]LogModuleManager: Shutting down and abandoning module Android_ETC2TargetPlatform (34)
[2016.02.29-15.51.03:509][923]LogModuleManager: Shutting down and abandoning module Android_ETC1TargetPlatform (33)
[2016.02.29-15.51.03:509][923]LogModuleManager: Shutting down and abandoning module Android_DXTTargetPlatform (32)
[2016.02.29-15.51.03:509][923]LogModuleManager: Shutting down and abandoning module Android_ATCTargetPlatform (31)
[2016.02.29-15.51.03:509][923]LogModuleManager: Shutting down and abandoning module Android_ASTCTargetPlatform (30)
[2016.02.29-15.51.03:509][923]LogModuleManager: Shutting down and abandoning module AndroidTargetPlatform (29)
[2016.02.29-15.51.03:509][923]LogModuleManager: Shutting down and abandoning module WindowsTargetPlatform (28)
[2016.02.29-15.51.03:509][923]LogModuleManager: Shutting down and abandoning module WindowsServerTargetPlatform (27)
[2016.02.29-15.51.03:509][923]LogModuleManager: Shutting down and abandoning module WindowsNoEditorTargetPlatform (26)
[2016.02.29-15.51.03:509][923]LogModuleManager: Shutting down and abandoning module WindowsClientTargetPlatform (25)
[2016.02.29-15.51.03:509][923]LogModuleManager: Shutting down and abandoning module AllDesktopTargetPlatform (24)
[2016.02.29-15.51.03:509][923]LogModuleManager: Shutting down and abandoning module TargetPlatform (23)
[2016.02.29-15.51.03:509][923]LogModuleManager: Shutting down and abandoning module InputCore (22)
[2016.02.29-15.51.03:509][923]LogModuleManager: Shutting down and abandoning module Settings (21)
[2016.02.29-15.51.03:509][923]LogModuleManager: Shutting down and abandoning module OnlineSubsystem (19)
[2016.02.29-15.51.03:509][923]LogModuleManager: Shutting down and abandoning module HTTP (18)
[2016.02.29-15.51.05:510][923]LogModuleManager: Shutting down and abandoning module XMPP (17)
[2016.02.29-15.51.05:510][923]LogModuleManager: Shutting down and abandoning module OculusRift (16)
[2016.02.29-15.51.05:510][923]LogModuleManager: Shutting down and abandoning module ExampleDeviceProfileSelector (15)
[2016.02.29-15.51.05:510][923]LogModuleManager: Shutting down and abandoning module TextureCompressor (14)
[2016.02.29-15.51.05:510][923]LogModuleManager: Shutting down and abandoning module ShaderCore (13)
[2016.02.29-15.51.05:510][923]LogModuleManager: Shutting down and abandoning module Landscape (12)
[2016.02.29-15.51.05:510][923]LogModuleManager: Shutting down and abandoning module SlateRHIRenderer (11)
[2016.02.29-15.51.05:512][923]LogModuleManager: Shutting down and abandoning module OpenGLDrv (10)
[2016.02.29-15.51.05:512][923]LogModuleManager: Shutting down and abandoning module D3D11RHI (9)
[2016.02.29-15.51.05:512][923]LogModuleManager: Shutting down and abandoning module AnimGraphRuntime (8)
[2016.02.29-15.51.05:512][923]LogModuleManager: Shutting down and abandoning module Renderer (7)
[2016.02.29-15.51.05:512][923]LogModuleManager: Shutting down and abandoning module Engine (6)
[2016.02.29-15.51.05:512][923]LogModuleManager: Shutting down and abandoning module CoreUObject (5)
[2016.02.29-15.51.05:512][923]LogModuleManager: Shutting down and abandoning module NetworkFile (4)
[2016.02.29-15.51.05:512][923]LogModuleManager: Shutting down and abandoning module StreamingFile (3)
[2016.02.29-15.51.05:512][923]LogModuleManager: Shutting down and abandoning module SandboxFile (2)
[2016.02.29-15.51.05:512][923]LogModuleManager: Shutting down and abandoning module PakFile (1)
[2016.02.29-15.51.05:515][923]LogExit: Exiting.
[2016.02.29-15.51.05:542][923]Log file closed, 02/29/16 10:51:05
